<?xml version="1.0" encoding="UTF-8"?>
<testng-results ignored="0" total="1" passed="1" failed="0" skipped="0">
  <reporter-output>
  </reporter-output>
  <suite started-at="2023-05-24T12:26:54 IST" name="Default suite" finished-at="2023-05-24T12:27:27 IST" duration-ms="32726">
    <groups>
    </groups>
    <test started-at="2023-05-24T12:26:54 IST" name="Default test" finished-at="2023-05-24T12:27:27 IST" duration-ms="32726">
      <class name="testScripts.PlaceOrder">
        <test-method is-config="true" signature="setup()[pri:0, instance:testScripts.PlaceOrder@2f217633]" started-at="2023-05-24T12:26:54 IST" name="setup" finished-at="2023-05-24T12:26:58 IST" duration-ms="3794" status="PASS">
          <reporter-output>
          </reporter-output>
        </test-method> <!-- setup -->
        <test-method signature="selectItem()[pri:0, instance:testScripts.PlaceOrder@2f217633]" started-at="2023-05-24T12:26:58 IST" name="selectItem" finished-at="2023-05-24T12:27:27 IST" duration-ms="28902" status="PASS">
          <reporter-output>
          </reporter-output>
        </test-method> <!-- selectItem -->
      </class> <!-- testScripts.PlaceOrder -->
    </test> <!-- Default test -->
  </suite> <!-- Default suite -->
</testng-results>
